<?xml version="1.0" encoding="UTF-8"?>
<!-- Generated by org.testng.reporters.JUnitReportReporter -->
<testsuite hostname="DESKTOP-GMLKCM3" name="testscripts.HomePage_Test" tests="2" failures="0" timestamp="5 Feb 2021 09:01:45 GMT" time="36.354" errors="0">
  <testcase name="VerifyAddCustomerLnkTest" time="20.757" classname="testscripts.HomePage_Test"/>
  <testcase name="VerifyHomePageTitleTest" time="15.597" classname="testscripts.HomePage_Test"/>
</testsuite> <!-- testscripts.HomePage_Test -->
