<?xml version="1.0" encoding="UTF-8"?>
<!-- Generated by org.testng.reporters.JUnitReportReporter -->
<testsuite hostname="DESKTOP-GMLKCM3" name="testscripts.LoginPage_Test" tests="3" failures="0" timestamp="23 Jan 2021 06:54:02 GMT" time="53.592" errors="0">
  <testcase name="Login_Test" time="22.086" classname="testscripts.LoginPage_Test"/>
  <testcase name="Loginpage_Logo_Test" time="15.282" classname="testscripts.LoginPage_Test"/>
  <testcase name="Loginpage_Title_Test" time="16.224" classname="testscripts.LoginPage_Test"/>
</testsuite> <!-- testscripts.LoginPage_Test -->
