<?xml version="1.0" encoding="UTF-8"?>
<!-- Generated by org.testng.reporters.JUnitReportReporter -->
<testsuite hostname="DESKTOP-GMLKCM3" name="testscripts.HomePage_Test" tests="2" failures="0" timestamp="23 Jan 2021 06:55:23 GMT" time="48.389" errors="0">
  <testcase name="VerifyAddCustomerLnkTest" time="25.154" classname="testscripts.HomePage_Test"/>
  <testcase name="VerifyHomePageTitleTest" time="23.235" classname="testscripts.HomePage_Test"/>
</testsuite> <!-- testscripts.HomePage_Test -->
